nohup: ignoring input
╔═══════════════════════════════════════════════════════════╗
║   PAPER TRADING ENGINE — Martingale Strategy              ║
║   Testnet : True                                             ║
║   Capital : $10,000 / coin                                      ║
║   State   : paper_state_martingale.json                      ║
║   Trades  : paper_trades_martingale.csv                      ║
╚═══════════════════════════════════════════════════════════╝


─────────────────────────────────────────────────────────────────
  CYCLE  2026-05-12 04:12 UTC
─────────────────────────────────────────────────────────────────
  [BTC]  close=81025.0000  trend=↑         mid    
  [ETH]  close=2308.2000  trend=↓         mid    
  [SOL]  close=96.0400  trend=↑         mid    
  [HYPE]  close=40.9810  trend=↓         mid    

═════════════════════════════════════════════════════════════════
  PAPER PORTFOLIO (Martingale)  |  2026-05-12 04:12 UTC
═════════════════════════════════════════════════════════════════
  BTC    cap=$ 10000.00  ret=  +0.00%  trades=  0  wr=  -   [flat]
  ETH    cap=$ 10000.00  ret=  +0.00%  trades=  0  wr=  -   [flat]
  SOL    cap=$ 10000.00  ret=  +0.00%  trades=  0  wr=  -   [flat]
  HYPE   cap=$ 10000.00  ret=  +0.00%  trades=  0  wr=  -   [flat]
─────────────────────────────────────────────────────────────────
  TOTAL            $ 40000.00  ret=  +0.00%
═════════════════════════════════════════════════════════════════

  ⏱  Next cycle in 47.5 min  (05:00:15 UTC)

─────────────────────────────────────────────────────────────────
  CYCLE  2026-05-12 05:00 UTC
─────────────────────────────────────────────────────────────────
  [BTC]  close=81220.8000  trend=↑         mid    
  [ETH]  close=2310.1600  trend=↓         mid    
  [SOL]  close=96.3100  trend=↑         mid    
  [HYPE]  close=41.0720  trend=↓         mid    

═════════════════════════════════════════════════════════════════
  PAPER PORTFOLIO (Martingale)  |  2026-05-12 05:00 UTC
═════════════════════════════════════════════════════════════════
  BTC    cap=$ 10000.00  ret=  +0.00%  trades=  0  wr=  -   [flat]
  ETH    cap=$ 10000.00  ret=  +0.00%  trades=  0  wr=  -   [flat]
  SOL    cap=$ 10000.00  ret=  +0.00%  trades=  0  wr=  -   [flat]
  HYPE   cap=$ 10000.00  ret=  +0.00%  trades=  0  wr=  -   [flat]
─────────────────────────────────────────────────────────────────
  TOTAL            $ 40000.00  ret=  +0.00%
═════════════════════════════════════════════════════════════════

  ⏱  Next cycle in 59.9 min  (06:00:15 UTC)

─────────────────────────────────────────────────────────────────
  CYCLE  2026-05-12 06:00 UTC
─────────────────────────────────────────────────────────────────
  [BTC]  close=81229.8000  trend=↑         mid    
  [ETH]  close=2309.0100  trend=↓         mid    
  [SOL]  close=96.4900  trend=↑         mid    
  [HYPE]  close=41.2700  trend=↓         mid    

═════════════════════════════════════════════════════════════════
  PAPER PORTFOLIO (Martingale)  |  2026-05-12 06:00 UTC
═════════════════════════════════════════════════════════════════
  BTC    cap=$ 10000.00  ret=  +0.00%  trades=  0  wr=  -   [flat]
  ETH    cap=$ 10000.00  ret=  +0.00%  trades=  0  wr=  -   [flat]
  SOL    cap=$ 10000.00  ret=  +0.00%  trades=  0  wr=  -   [flat]
  HYPE   cap=$ 10000.00  ret=  +0.00%  trades=  0  wr=  -   [flat]
─────────────────────────────────────────────────────────────────
  TOTAL            $ 40000.00  ret=  +0.00%
═════════════════════════════════════════════════════════════════

  ⏱  Next cycle in 59.9 min  (07:00:15 UTC)

─────────────────────────────────────────────────────────────────
  CYCLE  2026-05-12 07:00 UTC
─────────────────────────────────────────────────────────────────
  [BTC] network error: binance GET https://testnet.binancefuture.com/fapi/v1/klines?interval=1h&limit=301&symbol=BTCUSDT  — will retry next cycle
  [ETH] network error: binance GET https://testnet.binancefuture.com/fapi/v1/klines?interval=1h&limit=301&symbol=ETHUSDT  — will retry next cycle
  [SOL] network error: binance GET https://testnet.binancefuture.com/fapi/v1/klines?interval=1h&limit=301&symbol=SOLUSDT  — will retry next cycle
  [HYPE] network error: binance GET https://testnet.binancefuture.com/fapi/v1/klines?interval=1h&limit=301&symbol=HYPEUSDT  — will retry next cycle

═════════════════════════════════════════════════════════════════
  PAPER PORTFOLIO (Martingale)  |  2026-05-12 07:00 UTC
═════════════════════════════════════════════════════════════════
  BTC    cap=$ 10000.00  ret=  +0.00%  trades=  0  wr=  -   [flat]
  ETH    cap=$ 10000.00  ret=  +0.00%  trades=  0  wr=  -   [flat]
  SOL    cap=$ 10000.00  ret=  +0.00%  trades=  0  wr=  -   [flat]
  HYPE   cap=$ 10000.00  ret=  +0.00%  trades=  0  wr=  -   [flat]
─────────────────────────────────────────────────────────────────
  TOTAL            $ 40000.00  ret=  +0.00%
═════════════════════════════════════════════════════════════════

  ⏱  Next cycle in 59.7 min  (08:00:15 UTC)

─────────────────────────────────────────────────────────────────
  CYCLE  2026-05-12 08:00 UTC
─────────────────────────────────────────────────────────────────
  [BTC]  close=80890.2000  trend=↑         mid    
  [ETH]  close=2294.7900  trend=↓         mid    
  [SOL]  close=95.9900  trend=↑         mid    
  [HYPE]  close=41.2800  trend=↓         mid    

═════════════════════════════════════════════════════════════════
  PAPER PORTFOLIO (Martingale)  |  2026-05-12 08:00 UTC
═════════════════════════════════════════════════════════════════
  BTC    cap=$ 10000.00  ret=  +0.00%  trades=  0  wr=  -   [flat]
  ETH    cap=$ 10000.00  ret=  +0.00%  trades=  0  wr=  -   [flat]
  SOL    cap=$ 10000.00  ret=  +0.00%  trades=  0  wr=  -   [flat]
  HYPE   cap=$ 10000.00  ret=  +0.00%  trades=  0  wr=  -   [flat]
─────────────────────────────────────────────────────────────────
  TOTAL            $ 40000.00  ret=  +0.00%
═════════════════════════════════════════════════════════════════

  ⏱  Next cycle in 59.9 min  (09:00:15 UTC)

─────────────────────────────────────────────────────────────────
  CYCLE  2026-05-12 09:00 UTC
─────────────────────────────────────────────────────────────────
  [BTC]  close=80830.5000  trend=↑         mid    
  [ETH]  close=2286.9200  trend=↓         mid    
  [SOL]  close=95.6200  trend=↑         mid    
  [HYPE]  close=41.2390  trend=↓         mid    

═════════════════════════════════════════════════════════════════
  PAPER PORTFOLIO (Martingale)  |  2026-05-12 09:00 UTC
═════════════════════════════════════════════════════════════════
  BTC    cap=$ 10000.00  ret=  +0.00%  trades=  0  wr=  -   [flat]
  ETH    cap=$ 10000.00  ret=  +0.00%  trades=  0  wr=  -   [flat]
  SOL    cap=$ 10000.00  ret=  +0.00%  trades=  0  wr=  -   [flat]
  HYPE   cap=$ 10000.00  ret=  +0.00%  trades=  0  wr=  -   [flat]
─────────────────────────────────────────────────────────────────
  TOTAL            $ 40000.00  ret=  +0.00%
═════════════════════════════════════════════════════════════════

  ⏱  Next cycle in 59.9 min  (10:00:15 UTC)

─────────────────────────────────────────────────────────────────
  CYCLE  2026-05-12 10:00 UTC
─────────────────────────────────────────────────────────────────
  [BTC]  close=80798.3000  trend=↑         mid    
  [ETH]  close=2291.6800  trend=↓         mid    
  [SOL]  close=95.7500  trend=↑         mid    
  [HYPE]  close=41.1490  trend=↓         mid    

═════════════════════════════════════════════════════════════════
  PAPER PORTFOLIO (Martingale)  |  2026-05-12 10:00 UTC
═════════════════════════════════════════════════════════════════
  BTC    cap=$ 10000.00  ret=  +0.00%  trades=  0  wr=  -   [flat]
  ETH    cap=$ 10000.00  ret=  +0.00%  trades=  0  wr=  -   [flat]
  SOL    cap=$ 10000.00  ret=  +0.00%  trades=  0  wr=  -   [flat]
  HYPE   cap=$ 10000.00  ret=  +0.00%  trades=  0  wr=  -   [flat]
─────────────────────────────────────────────────────────────────
  TOTAL            $ 40000.00  ret=  +0.00%
═════════════════════════════════════════════════════════════════

  ⏱  Next cycle in 59.9 min  (11:00:15 UTC)

─────────────────────────────────────────────────────────────────
  CYCLE  2026-05-12 11:00 UTC
─────────────────────────────────────────────────────────────────
  [BTC]  close=80631.1000  trend=↑         mid    
  [ETH]  close=2284.7500  trend=↓         mid    
  [SOL]  close=94.9400  trend=↑         mid    
  [HYPE]  close=40.9190  trend=↓         mid    

═════════════════════════════════════════════════════════════════
  PAPER PORTFOLIO (Martingale)  |  2026-05-12 11:00 UTC
═════════════════════════════════════════════════════════════════
  BTC    cap=$ 10000.00  ret=  +0.00%  trades=  0  wr=  -   [flat]
  ETH    cap=$ 10000.00  ret=  +0.00%  trades=  0  wr=  -   [flat]
  SOL    cap=$ 10000.00  ret=  +0.00%  trades=  0  wr=  -   [flat]
  HYPE   cap=$ 10000.00  ret=  +0.00%  trades=  0  wr=  -   [flat]
─────────────────────────────────────────────────────────────────
  TOTAL            $ 40000.00  ret=  +0.00%
═════════════════════════════════════════════════════════════════

  ⏱  Next cycle in 59.9 min  (12:00:15 UTC)

─────────────────────────────────────────────────────────────────
  CYCLE  2026-05-12 12:00 UTC
─────────────────────────────────────────────────────────────────
  [BTC]  close=80732.8000  trend=↑         mid    
  [ETH]  close=2285.7000  trend=↓  L✓     mid    
  [SOL]  close=94.9300  trend=↑         mid    
  [HYPE]  close=41.0280  trend=↓         mid    

═════════════════════════════════════════════════════════════════
  PAPER PORTFOLIO (Martingale)  |  2026-05-12 12:00 UTC
═════════════════════════════════════════════════════════════════
  BTC    cap=$ 10000.00  ret=  +0.00%  trades=  0  wr=  -   [flat]
  ETH    cap=$ 10000.00  ret=  +0.00%  trades=  0  wr=  -   [flat]
  SOL    cap=$ 10000.00  ret=  +0.00%  trades=  0  wr=  -   [flat]
  HYPE   cap=$ 10000.00  ret=  +0.00%  trades=  0  wr=  -   [flat]
─────────────────────────────────────────────────────────────────
  TOTAL            $ 40000.00  ret=  +0.00%
═════════════════════════════════════════════════════════════════

  ⏱  Next cycle in 59.9 min  (13:00:15 UTC)

─────────────────────────────────────────────────────────────────
  CYCLE  2026-05-12 13:00 UTC
─────────────────────────────────────────────────────────────────
  [BTC]  close=80850.1000  trend=↑         mid    
  [ETH]  close=2288.0000  trend=↓         mid    
  [SOL]  close=95.1600  trend=↑         mid    
  [HYPE]  close=40.8560  trend=↓         mid    

═════════════════════════════════════════════════════════════════
  PAPER PORTFOLIO (Martingale)  |  2026-05-12 13:00 UTC
═════════════════════════════════════════════════════════════════
  BTC    cap=$ 10000.00  ret=  +0.00%  trades=  0  wr=  -   [flat]
  ETH    cap=$ 10000.00  ret=  +0.00%  trades=  0  wr=  -   [flat]
  SOL    cap=$ 10000.00  ret=  +0.00%  trades=  0  wr=  -   [flat]
  HYPE   cap=$ 10000.00  ret=  +0.00%  trades=  0  wr=  -   [flat]
─────────────────────────────────────────────────────────────────
  TOTAL            $ 40000.00  ret=  +0.00%
═════════════════════════════════════════════════════════════════

  ⏱  Next cycle in 59.9 min  (14:00:15 UTC)

─────────────────────────────────────────────────────────────────
  CYCLE  2026-05-12 14:00 UTC
─────────────────────────────────────────────────────────────────
  [BTC]  close=80573.0000  trend=↑         mid    
  [ETH]  close=2272.9100  trend=↓         mid    
  [SOL]  close=94.6500  trend=↑         mid    
  [HYPE]  close=40.6720  trend=↓         mid    

═════════════════════════════════════════════════════════════════
  PAPER PORTFOLIO (Martingale)  |  2026-05-12 14:00 UTC
═════════════════════════════════════════════════════════════════
  BTC    cap=$ 10000.00  ret=  +0.00%  trades=  0  wr=  -   [flat]
  ETH    cap=$ 10000.00  ret=  +0.00%  trades=  0  wr=  -   [flat]
  SOL    cap=$ 10000.00  ret=  +0.00%  trades=  0  wr=  -   [flat]
  HYPE   cap=$ 10000.00  ret=  +0.00%  trades=  0  wr=  -   [flat]
─────────────────────────────────────────────────────────────────
  TOTAL            $ 40000.00  ret=  +0.00%
═════════════════════════════════════════════════════════════════

  ⏱  Next cycle in 59.9 min  (15:00:15 UTC)

─────────────────────────────────────────────────────────────────
  CYCLE  2026-05-12 15:00 UTC
─────────────────────────────────────────────────────────────────
  [BTC] network error: binance GET https://testnet.binancefuture.com/fapi/v1/klines?interval=1h&limit=301&symbol=BTCUSDT  — will retry next cycle
  [ETH]  close=2267.9700  trend=↓         mid    
  [SOL]  close=94.5000  trend=↑         mid    
  [HYPE]  close=40.2860  trend=↓         mid    

═════════════════════════════════════════════════════════════════
  PAPER PORTFOLIO (Martingale)  |  2026-05-12 15:00 UTC
═════════════════════════════════════════════════════════════════
  BTC    cap=$ 10000.00  ret=  +0.00%  trades=  0  wr=  -   [flat]
  ETH    cap=$ 10000.00  ret=  +0.00%  trades=  0  wr=  -   [flat]
  SOL    cap=$ 10000.00  ret=  +0.00%  trades=  0  wr=  -   [flat]
  HYPE   cap=$ 10000.00  ret=  +0.00%  trades=  0  wr=  -   [flat]
─────────────────────────────────────────────────────────────────
  TOTAL            $ 40000.00  ret=  +0.00%
═════════════════════════════════════════════════════════════════

  ⏱  Next cycle in 59.8 min  (16:00:15 UTC)

─────────────────────────────────────────────────────────────────
  CYCLE  2026-05-12 16:00 UTC
─────────────────────────────────────────────────────────────────
  [BTC]  close=80332.6000  trend=↓         mid    
  [ETH]  close=2262.1400  trend=↓         mid    
  [SOL]  close=93.8600  trend=↑         mid    
  [HYPE]  close=40.2840  trend=↓         mid    

═════════════════════════════════════════════════════════════════
  PAPER PORTFOLIO (Martingale)  |  2026-05-12 16:00 UTC
═════════════════════════════════════════════════════════════════
  BTC    cap=$ 10000.00  ret=  +0.00%  trades=  0  wr=  -   [flat]
  ETH    cap=$ 10000.00  ret=  +0.00%  trades=  0  wr=  -   [flat]
  SOL    cap=$ 10000.00  ret=  +0.00%  trades=  0  wr=  -   [flat]
  HYPE   cap=$ 10000.00  ret=  +0.00%  trades=  0  wr=  -   [flat]
─────────────────────────────────────────────────────────────────
  TOTAL            $ 40000.00  ret=  +0.00%
═════════════════════════════════════════════════════════════════

  ⏱  Next cycle in 59.9 min  (17:00:15 UTC)

─────────────────────────────────────────────────────────────────
  CYCLE  2026-05-12 17:00 UTC
─────────────────────────────────────────────────────────────────
  [BTC]  close=80040.0000  trend=↓         mid    
  [ETH]  close=2263.1200  trend=↓  L✓     mid    
  [SOL]  close=93.8100  trend=↑         mid    
  [HYPE]  close=39.8550  trend=↓         mid    

═════════════════════════════════════════════════════════════════
  PAPER PORTFOLIO (Martingale)  |  2026-05-12 17:00 UTC
═════════════════════════════════════════════════════════════════
  BTC    cap=$ 10000.00  ret=  +0.00%  trades=  0  wr=  -   [flat]
  ETH    cap=$ 10000.00  ret=  +0.00%  trades=  0  wr=  -   [flat]
  SOL    cap=$ 10000.00  ret=  +0.00%  trades=  0  wr=  -   [flat]
  HYPE   cap=$ 10000.00  ret=  +0.00%  trades=  0  wr=  -   [flat]
─────────────────────────────────────────────────────────────────
  TOTAL            $ 40000.00  ret=  +0.00%
═════════════════════════════════════════════════════════════════

  ⏱  Next cycle in 60.0 min  (18:00:15 UTC)

─────────────────────────────────────────────────────────────────
  CYCLE  2026-05-12 18:00 UTC
─────────────────────────────────────────────────────────────────
  [BTC]  close=80492.9000  trend=↑  L✓     mid    
    ▶ ENTRY  LONG   price=80492.9000  notional=$500  @2026-05-12 17:00
  [ETH]  close=2275.6900  trend=↓         mid    
  [SOL]  close=94.4800  trend=↑         mid    
  [HYPE]  close=40.1210  trend=↓  L✓     mid    

═════════════════════════════════════════════════════════════════
  PAPER PORTFOLIO (Martingale)  |  2026-05-12 18:00 UTC
═════════════════════════════════════════════════════════════════
  BTC    cap=$ 10000.00  ret=  +0.00%  trades=  0  wr=  -   [LONG lvl=0 entry=80492.9000]
  ETH    cap=$ 10000.00  ret=  +0.00%  trades=  0  wr=  -   [flat]
  SOL    cap=$ 10000.00  ret=  +0.00%  trades=  0  wr=  -   [flat]
  HYPE   cap=$ 10000.00  ret=  +0.00%  trades=  0  wr=  -   [flat]
─────────────────────────────────────────────────────────────────
  TOTAL            $ 40000.00  ret=  +0.00%
═════════════════════════════════════════════════════════════════

  ⏱  Next cycle in 60.0 min  (19:00:15 UTC)

─────────────────────────────────────────────────────────────────
  CYCLE  2026-05-12 19:00 UTC
─────────────────────────────────────────────────────────────────
  [BTC]  close=80647.4000  trend=↑         mid      lvl=0
  [ETH]  close=2278.2700  trend=↓         mid    
  [SOL]  close=94.5200  trend=↑         mid    
  [HYPE]  close=40.2160  trend=↓         mid    

═════════════════════════════════════════════════════════════════
  PAPER PORTFOLIO (Martingale)  |  2026-05-12 19:00 UTC
═════════════════════════════════════════════════════════════════
  BTC    cap=$ 10000.00  ret=  +0.00%  trades=  0  wr=  -   [LONG lvl=0 entry=80492.9000]
  ETH    cap=$ 10000.00  ret=  +0.00%  trades=  0  wr=  -   [flat]
  SOL    cap=$ 10000.00  ret=  +0.00%  trades=  0  wr=  -   [flat]
  HYPE   cap=$ 10000.00  ret=  +0.00%  trades=  0  wr=  -   [flat]
─────────────────────────────────────────────────────────────────
  TOTAL            $ 40000.00  ret=  +0.00%
═════════════════════════════════════════════════════════════════

  ⏱  Next cycle in 59.9 min  (20:00:15 UTC)

─────────────────────────────────────────────────────────────────
  CYCLE  2026-05-12 20:00 UTC
─────────────────────────────────────────────────────────────────
  [BTC]  close=80795.2000  trend=↑         mid      lvl=0
  [ETH]  close=2283.6600  trend=↓         mid    
  [SOL]  close=94.8700  trend=↑         mid    
  [HYPE]  close=40.4170  trend=↓         mid    

═════════════════════════════════════════════════════════════════
  PAPER PORTFOLIO (Martingale)  |  2026-05-12 20:00 UTC
═════════════════════════════════════════════════════════════════
  BTC    cap=$ 10000.00  ret=  +0.00%  trades=  0  wr=  -   [LONG lvl=0 entry=80492.9000]
  ETH    cap=$ 10000.00  ret=  +0.00%  trades=  0  wr=  -   [flat]
  SOL    cap=$ 10000.00  ret=  +0.00%  trades=  0  wr=  -   [flat]
  HYPE   cap=$ 10000.00  ret=  +0.00%  trades=  0  wr=  -   [flat]
─────────────────────────────────────────────────────────────────
  TOTAL            $ 40000.00  ret=  +0.00%
═════════════════════════════════════════════════════════════════

  ⏱  Next cycle in 59.9 min  (21:00:15 UTC)

─────────────────────────────────────────────────────────────────
  CYCLE  2026-05-12 21:00 UTC
─────────────────────────────────────────────────────────────────
  [BTC]  close=80667.0000  trend=↑         mid      lvl=0
  [ETH]  close=2283.8700  trend=↓         mid    
  [SOL]  close=94.7000  trend=↑         mid    
  [HYPE]  close=40.2950  trend=↓         mid    

═════════════════════════════════════════════════════════════════
  PAPER PORTFOLIO (Martingale)  |  2026-05-12 21:00 UTC
═════════════════════════════════════════════════════════════════
  BTC    cap=$ 10000.00  ret=  +0.00%  trades=  0  wr=  -   [LONG lvl=0 entry=80492.9000]
  ETH    cap=$ 10000.00  ret=  +0.00%  trades=  0  wr=  -   [flat]
  SOL    cap=$ 10000.00  ret=  +0.00%  trades=  0  wr=  -   [flat]
  HYPE   cap=$ 10000.00  ret=  +0.00%  trades=  0  wr=  -   [flat]
─────────────────────────────────────────────────────────────────
  TOTAL            $ 40000.00  ret=  +0.00%
═════════════════════════════════════════════════════════════════

  ⏱  Next cycle in 59.8 min  (22:00:15 UTC)

─────────────────────────────────────────────────────────────────
  CYCLE  2026-05-12 22:00 UTC
─────────────────────────────────────────────────────────────────
  [BTC]  close=80549.9000  trend=↑         mid      lvl=0
  [ETH]  close=2284.2800  trend=↓         mid    
  [SOL]  close=94.6200  trend=↑         mid    
  [HYPE]  close=40.3520  trend=↓         mid    

═════════════════════════════════════════════════════════════════
  PAPER PORTFOLIO (Martingale)  |  2026-05-12 22:00 UTC
═════════════════════════════════════════════════════════════════
  BTC    cap=$ 10000.00  ret=  +0.00%  trades=  0  wr=  -   [LONG lvl=0 entry=80492.9000]
  ETH    cap=$ 10000.00  ret=  +0.00%  trades=  0  wr=  -   [flat]
  SOL    cap=$ 10000.00  ret=  +0.00%  trades=  0  wr=  -   [flat]
  HYPE   cap=$ 10000.00  ret=  +0.00%  trades=  0  wr=  -   [flat]
─────────────────────────────────────────────────────────────────
  TOTAL            $ 40000.00  ret=  +0.00%
═════════════════════════════════════════════════════════════════

  ⏱  Next cycle in 60.0 min  (23:00:15 UTC)

─────────────────────────────────────────────────────────────────
  CYCLE  2026-05-12 23:00 UTC
─────────────────────────────────────────────────────────────────
  [BTC]  close=80682.2000  trend=↑         mid      lvl=0
  [ETH]  close=2281.1700  trend=↓         mid    
  [SOL]  close=94.6300  trend=↑         mid    
  [HYPE]  close=40.4240  trend=↓         mid    

═════════════════════════════════════════════════════════════════
  PAPER PORTFOLIO (Martingale)  |  2026-05-12 23:00 UTC
═════════════════════════════════════════════════════════════════
  BTC    cap=$ 10000.00  ret=  +0.00%  trades=  0  wr=  -   [LONG lvl=0 entry=80492.9000]
  ETH    cap=$ 10000.00  ret=  +0.00%  trades=  0  wr=  -   [flat]
  SOL    cap=$ 10000.00  ret=  +0.00%  trades=  0  wr=  -   [flat]
  HYPE   cap=$ 10000.00  ret=  +0.00%  trades=  0  wr=  -   [flat]
─────────────────────────────────────────────────────────────────
  TOTAL            $ 40000.00  ret=  +0.00%
═════════════════════════════════════════════════════════════════

  ⏱  Next cycle in 59.9 min  (00:00:15 UTC)

─────────────────────────────────────────────────────────────────
  CYCLE  2026-05-13 00:00 UTC
─────────────────────────────────────────────────────────────────
  [BTC]  close=80461.0000  trend=↑         mid      lvl=0
  [ETH]  close=2274.0000  trend=↓         mid    
  [SOL]  close=94.2500  trend=↑         mid    
  [HYPE]  close=40.2430  trend=↓         mid    

═════════════════════════════════════════════════════════════════
  PAPER PORTFOLIO (Martingale)  |  2026-05-13 00:00 UTC
═════════════════════════════════════════════════════════════════
  BTC    cap=$ 10000.00  ret=  +0.00%  trades=  0  wr=  -   [LONG lvl=0 entry=80492.9000]
  ETH    cap=$ 10000.00  ret=  +0.00%  trades=  0  wr=  -   [flat]
  SOL    cap=$ 10000.00  ret=  +0.00%  trades=  0  wr=  -   [flat]
  HYPE   cap=$ 10000.00  ret=  +0.00%  trades=  0  wr=  -   [flat]
─────────────────────────────────────────────────────────────────
  TOTAL            $ 40000.00  ret=  +0.00%
═════════════════════════════════════════════════════════════════

  ⏱  Next cycle in 59.9 min  (01:00:15 UTC)

─────────────────────────────────────────────────────────────────
  CYCLE  2026-05-13 01:00 UTC
─────────────────────────────────────────────────────────────────
  [BTC]  close=80671.9000  trend=↑         mid↑    lvl=0
    ▲ PYRAMID   LONG   price=80671.9000  plvl=1  @2026-05-13 00:00
  [ETH]  close=2280.5200  trend=↓         mid    
  [SOL]  close=94.4500  trend=↑         mid    
  [HYPE]  close=40.3070  trend=↓         mid    

═════════════════════════════════════════════════════════════════
  PAPER PORTFOLIO (Martingale)  |  2026-05-13 01:00 UTC
═════════════════════════════════════════════════════════════════
  BTC    cap=$ 10000.00  ret=  +0.00%  trades=  0  wr=  -   [LONG lvl=0 entry=80492.9000]
  ETH    cap=$ 10000.00  ret=  +0.00%  trades=  0  wr=  -   [flat]
  SOL    cap=$ 10000.00  ret=  +0.00%  trades=  0  wr=  -   [flat]
  HYPE   cap=$ 10000.00  ret=  +0.00%  trades=  0  wr=  -   [flat]
─────────────────────────────────────────────────────────────────
  TOTAL            $ 40000.00  ret=  +0.00%
═════════════════════════════════════════════════════════════════

  ⏱  Next cycle in 60.0 min  (02:00:15 UTC)

─────────────────────────────────────────────────────────────────
  CYCLE  2026-05-13 02:00 UTC
─────────────────────────────────────────────────────────────────
  [BTC]  close=80945.0000  trend=↑         mid      lvl=0
  [ETH]  close=2288.3000  trend=↓         mid↑  
  [SOL]  close=95.1200  trend=↑         mid↑  
  [HYPE]  close=40.4420  trend=↓         mid↑  

═════════════════════════════════════════════════════════════════
  PAPER PORTFOLIO (Martingale)  |  2026-05-13 02:00 UTC
═════════════════════════════════════════════════════════════════
  BTC    cap=$ 10000.00  ret=  +0.00%  trades=  0  wr=  -   [LONG lvl=0 entry=80492.9000]
  ETH    cap=$ 10000.00  ret=  +0.00%  trades=  0  wr=  -   [flat]
  SOL    cap=$ 10000.00  ret=  +0.00%  trades=  0  wr=  -   [flat]
  HYPE   cap=$ 10000.00  ret=  +0.00%  trades=  0  wr=  -   [flat]
─────────────────────────────────────────────────────────────────
  TOTAL            $ 40000.00  ret=  +0.00%
═════════════════════════════════════════════════════════════════

  ⏱  Next cycle in 59.9 min  (03:00:15 UTC)

─────────────────────────────────────────────────────────────────
  CYCLE  2026-05-13 03:00 UTC
─────────────────────────────────────────────────────────────────
  [BTC]  close=80999.0000  trend=↑         mid      lvl=0
  [ETH]  close=2292.5400  trend=↓         mid    
  [SOL]  close=95.1800  trend=↑         mid    
  [HYPE]  close=40.4530  trend=↓         mid    

═════════════════════════════════════════════════════════════════
  PAPER PORTFOLIO (Martingale)  |  2026-05-13 03:00 UTC
═════════════════════════════════════════════════════════════════
  BTC    cap=$ 10000.00  ret=  +0.00%  trades=  0  wr=  -   [LONG lvl=0 entry=80492.9000]
  ETH    cap=$ 10000.00  ret=  +0.00%  trades=  0  wr=  -   [flat]
  SOL    cap=$ 10000.00  ret=  +0.00%  trades=  0  wr=  -   [flat]
  HYPE   cap=$ 10000.00  ret=  +0.00%  trades=  0  wr=  -   [flat]
─────────────────────────────────────────────────────────────────
  TOTAL            $ 40000.00  ret=  +0.00%
═════════════════════════════════════════════════════════════════

  ⏱  Next cycle in 60.0 min  (04:00:15 UTC)

─────────────────────────────────────────────────────────────────
  CYCLE  2026-05-13 04:00 UTC
─────────────────────────────────────────────────────────────────
  [BTC]  close=81172.9000  trend=↑         mid      lvl=0
  [ETH]  close=2299.8900  trend=↓         mid    
  [SOL]  close=95.4900  trend=↑         mid    
  [HYPE]  close=40.4290  trend=↓         mid    

═════════════════════════════════════════════════════════════════
  PAPER PORTFOLIO (Martingale)  |  2026-05-13 04:00 UTC
═════════════════════════════════════════════════════════════════
  BTC    cap=$ 10000.00  ret=  +0.00%  trades=  0  wr=  -   [LONG lvl=0 entry=80492.9000]
  ETH    cap=$ 10000.00  ret=  +0.00%  trades=  0  wr=  -   [flat]
  SOL    cap=$ 10000.00  ret=  +0.00%  trades=  0  wr=  -   [flat]
  HYPE   cap=$ 10000.00  ret=  +0.00%  trades=  0  wr=  -   [flat]
─────────────────────────────────────────────────────────────────
  TOTAL            $ 40000.00  ret=  +0.00%
═════════════════════════════════════════════════════════════════

  ⏱  Next cycle in 60.0 min  (05:00:15 UTC)

─────────────────────────────────────────────────────────────────
  CYCLE  2026-05-13 05:00 UTC
─────────────────────────────────────────────────────────────────
  [BTC]  close=81191.9000  trend=↑     S✓  mid      lvl=0
  [ETH]  close=2305.5500  trend=↓         mid    
  [SOL]  close=95.5300  trend=↑         mid    
  [HYPE]  close=40.2690  trend=↓         mid  ↓

═════════════════════════════════════════════════════════════════
  PAPER PORTFOLIO (Martingale)  |  2026-05-13 05:00 UTC
═════════════════════════════════════════════════════════════════
  BTC    cap=$ 10000.00  ret=  +0.00%  trades=  0  wr=  -   [LONG lvl=0 entry=80492.9000]
  ETH    cap=$ 10000.00  ret=  +0.00%  trades=  0  wr=  -   [flat]
  SOL    cap=$ 10000.00  ret=  +0.00%  trades=  0  wr=  -   [flat]
  HYPE   cap=$ 10000.00  ret=  +0.00%  trades=  0  wr=  -   [flat]
─────────────────────────────────────────────────────────────────
  TOTAL            $ 40000.00  ret=  +0.00%
═════════════════════════════════════════════════════════════════

  ⏱  Next cycle in 59.9 min  (06:00:15 UTC)

─────────────────────────────────────────────────────────────────
  CYCLE  2026-05-13 06:00 UTC
─────────────────────────────────────────────────────────────────
  [BTC]  close=81000.1000  trend=↑         mid      lvl=0
  [ETH]  close=2296.5200  trend=↓     S✓  mid    
    ▶ ENTRY  SHORT  price=2296.5200  notional=$500  @2026-05-13 05:00
  [SOL]  close=95.2000  trend=↑         mid    
  [HYPE]  close=39.9130  trend=↓         mid    

═════════════════════════════════════════════════════════════════
  PAPER PORTFOLIO (Martingale)  |  2026-05-13 06:00 UTC
═════════════════════════════════════════════════════════════════
  BTC    cap=$ 10000.00  ret=  +0.00%  trades=  0  wr=  -   [LONG lvl=0 entry=80492.9000]
  ETH    cap=$ 10000.00  ret=  +0.00%  trades=  0  wr=  -   [SHORT lvl=0 entry=2296.5200]
  SOL    cap=$ 10000.00  ret=  +0.00%  trades=  0  wr=  -   [flat]
  HYPE   cap=$ 10000.00  ret=  +0.00%  trades=  0  wr=  -   [flat]
─────────────────────────────────────────────────────────────────
  TOTAL            $ 40000.00  ret=  +0.00%
═════════════════════════════════════════════════════════════════

  ⏱  Next cycle in 60.0 min  (07:00:15 UTC)

─────────────────────────────────────────────────────────────────
  CYCLE  2026-05-13 07:00 UTC
─────────────────────────────────────────────────────────────────
  [BTC]  close=80960.5000  trend=↑         mid      lvl=0
  [ETH]  close=2300.6900  trend=↓         mid      lvl=0
  [SOL]  close=95.0800  trend=↑         mid    
  [HYPE]  close=40.1920  trend=↓         mid    

═════════════════════════════════════════════════════════════════
  PAPER PORTFOLIO (Martingale)  |  2026-05-13 07:00 UTC
═════════════════════════════════════════════════════════════════
  BTC    cap=$ 10000.00  ret=  +0.00%  trades=  0  wr=  -   [LONG lvl=0 entry=80492.9000]
  ETH    cap=$ 10000.00  ret=  +0.00%  trades=  0  wr=  -   [SHORT lvl=0 entry=2296.5200]
  SOL    cap=$ 10000.00  ret=  +0.00%  trades=  0  wr=  -   [flat]
  HYPE   cap=$ 10000.00  ret=  +0.00%  trades=  0  wr=  -   [flat]
─────────────────────────────────────────────────────────────────
  TOTAL            $ 40000.00  ret=  +0.00%
═════════════════════════════════════════════════════════════════

  ⏱  Next cycle in 59.9 min  (08:00:15 UTC)
