nohup: ignoring input
╔═══════════════════════════════════════════════════════════╗
║   PAPER TRADING ENGINE — Breakout Strategy                ║
║   Testnet : True                                             ║
║   Capital : $10,000 / coin                                      ║
║   State   : paper_state_breakout.json                        ║
║   Trades  : paper_trades_breakout.csv                        ║
╚═══════════════════════════════════════════════════════════╝


─────────────────────────────────────────────────────────────────
  CYCLE  2026-05-12 03:23 UTC
─────────────────────────────────────────────────────────────────
  [BTC]  close=81207.3000  adx=25.4  trend=↑  V✗       
  [ETH]  close=2314.1000  adx=28.5  trend=↑  V✗       
  [SOL]  close=96.4900  adx=44.0  trend=↑  V✗       
  [HYPE]  close=41.2420  adx=31.2  trend=↑  V✗       

═════════════════════════════════════════════════════════════════
  PAPER PORTFOLIO (Breakout)  |  2026-05-12 03:23 UTC
═════════════════════════════════════════════════════════════════
  BTC    cap=$ 10000.00  ret=  +0.00%  trades=  0  wr=  -   [flat]
  ETH    cap=$ 10000.00  ret=  +0.00%  trades=  0  wr=  -   [flat]
  SOL    cap=$ 10000.00  ret=  +0.00%  trades=  0  wr=  -   [flat]
  HYPE   cap=$ 10000.00  ret=  +0.00%  trades=  0  wr=  -   [flat]
─────────────────────────────────────────────────────────────────
  TOTAL            $ 40000.00  ret=  +0.00%
═════════════════════════════════════════════════════════════════

  ⏱  Next cycle in 37.0 min  (04:00:15 UTC)

─────────────────────────────────────────────────────────────────
  CYCLE  2026-05-12 04:00 UTC
─────────────────────────────────────────────────────────────────
  [BTC]  close=81025.0000  adx=29.0  trend=↑  V✗       
  [ETH]  close=2308.2000  adx=33.6  trend=↑  V✗       
  [SOL]  close=96.0400  adx=38.3  trend=↑  V✗       
  [HYPE]  close=40.9810  adx=35.7  trend=↑  V✗       

═════════════════════════════════════════════════════════════════
  PAPER PORTFOLIO (Breakout)  |  2026-05-12 04:00 UTC
═════════════════════════════════════════════════════════════════
  BTC    cap=$ 10000.00  ret=  +0.00%  trades=  0  wr=  -   [flat]
  ETH    cap=$ 10000.00  ret=  +0.00%  trades=  0  wr=  -   [flat]
  SOL    cap=$ 10000.00  ret=  +0.00%  trades=  0  wr=  -   [flat]
  HYPE   cap=$ 10000.00  ret=  +0.00%  trades=  0  wr=  -   [flat]
─────────────────────────────────────────────────────────────────
  TOTAL            $ 40000.00  ret=  +0.00%
═════════════════════════════════════════════════════════════════

  ⏱  Next cycle in 59.9 min  (05:00:15 UTC)

─────────────────────────────────────────────────────────────────
  CYCLE  2026-05-12 05:00 UTC
─────────────────────────────────────────────────────────────────
  [BTC]  close=81220.8000  adx=32.1  trend=↑  V✗       
  [ETH]  close=2310.1600  adx=38.2  trend=↑  V✗       
  [SOL]  close=96.3100  adx=33.4  trend=↑  V✗       
  [HYPE]  close=41.0720  adx=39.6  trend=↑  V✗       

═════════════════════════════════════════════════════════════════
  PAPER PORTFOLIO (Breakout)  |  2026-05-12 05:00 UTC
═════════════════════════════════════════════════════════════════
  BTC    cap=$ 10000.00  ret=  +0.00%  trades=  0  wr=  -   [flat]
  ETH    cap=$ 10000.00  ret=  +0.00%  trades=  0  wr=  -   [flat]
  SOL    cap=$ 10000.00  ret=  +0.00%  trades=  0  wr=  -   [flat]
  HYPE   cap=$ 10000.00  ret=  +0.00%  trades=  0  wr=  -   [flat]
─────────────────────────────────────────────────────────────────
  TOTAL            $ 40000.00  ret=  +0.00%
═════════════════════════════════════════════════════════════════

  ⏱  Next cycle in 59.9 min  (06:00:15 UTC)

─────────────────────────────────────────────────────────────────
  CYCLE  2026-05-12 06:00 UTC
─────────────────────────────────────────────────────────────────
  [BTC]  close=81229.8000  adx=34.8  trend=↑  V✗       
  [ETH]  close=2309.0100  adx=42.1  trend=↑  V✗       
  [SOL]  close=96.4900  adx=29.7  trend=↑  V✗       
  [HYPE]  close=41.2700  adx=39.1  trend=↑  V✓       

═════════════════════════════════════════════════════════════════
  PAPER PORTFOLIO (Breakout)  |  2026-05-12 06:00 UTC
═════════════════════════════════════════════════════════════════
  BTC    cap=$ 10000.00  ret=  +0.00%  trades=  0  wr=  -   [flat]
  ETH    cap=$ 10000.00  ret=  +0.00%  trades=  0  wr=  -   [flat]
  SOL    cap=$ 10000.00  ret=  +0.00%  trades=  0  wr=  -   [flat]
  HYPE   cap=$ 10000.00  ret=  +0.00%  trades=  0  wr=  -   [flat]
─────────────────────────────────────────────────────────────────
  TOTAL            $ 40000.00  ret=  +0.00%
═════════════════════════════════════════════════════════════════

  ⏱  Next cycle in 59.9 min  (07:00:15 UTC)

─────────────────────────────────────────────────────────────────
  CYCLE  2026-05-12 07:00 UTC
─────────────────────────────────────────────────────────────────
  [BTC] network error: binance GET https://testnet.binancefuture.com/fapi/v1/klines?interval=1h&limit=301&symbol=BTCUSDT  — will retry next cycle
  [ETH] network error: binance GET https://testnet.binancefuture.com/fapi/v1/klines?interval=1h&limit=301&symbol=ETHUSDT  — will retry next cycle
  [SOL] network error: binance GET https://testnet.binancefuture.com/fapi/v1/klines?interval=1h&limit=301&symbol=SOLUSDT  — will retry next cycle
  [HYPE] network error: binance GET https://testnet.binancefuture.com/fapi/v1/klines?interval=1h&limit=301&symbol=HYPEUSDT  — will retry next cycle

═════════════════════════════════════════════════════════════════
  PAPER PORTFOLIO (Breakout)  |  2026-05-12 07:00 UTC
═════════════════════════════════════════════════════════════════
  BTC    cap=$ 10000.00  ret=  +0.00%  trades=  0  wr=  -   [flat]
  ETH    cap=$ 10000.00  ret=  +0.00%  trades=  0  wr=  -   [flat]
  SOL    cap=$ 10000.00  ret=  +0.00%  trades=  0  wr=  -   [flat]
  HYPE   cap=$ 10000.00  ret=  +0.00%  trades=  0  wr=  -   [flat]
─────────────────────────────────────────────────────────────────
  TOTAL            $ 40000.00  ret=  +0.00%
═════════════════════════════════════════════════════════════════

  ⏱  Next cycle in 59.6 min  (08:00:15 UTC)

─────────────────────────────────────────────────────────────────
  CYCLE  2026-05-12 08:00 UTC
─────────────────────────────────────────────────────────────────
  [BTC]  close=80890.2000  adx=42.1  trend=↑  V✓       
  [ETH]  close=2294.7900  adx=51.0  trend=↑  V✗     S✓
  [SOL]  close=95.9900  adx=23.7  trend=↑  V✗       
  [HYPE]  close=41.2800  adx=37.1  trend=↑  V✗       

═════════════════════════════════════════════════════════════════
  PAPER PORTFOLIO (Breakout)  |  2026-05-12 08:00 UTC
═════════════════════════════════════════════════════════════════
  BTC    cap=$ 10000.00  ret=  +0.00%  trades=  0  wr=  -   [flat]
  ETH    cap=$ 10000.00  ret=  +0.00%  trades=  0  wr=  -   [flat]
  SOL    cap=$ 10000.00  ret=  +0.00%  trades=  0  wr=  -   [flat]
  HYPE   cap=$ 10000.00  ret=  +0.00%  trades=  0  wr=  -   [flat]
─────────────────────────────────────────────────────────────────
  TOTAL            $ 40000.00  ret=  +0.00%
═════════════════════════════════════════════════════════════════

  ⏱  Next cycle in 59.9 min  (09:00:15 UTC)

─────────────────────────────────────────────────────────────────
  CYCLE  2026-05-12 09:00 UTC
─────────────────────────────────────────────────────────────────
  [BTC]  close=80830.5000  adx=45.6  trend=↑  V✗       
  [ETH]  close=2286.9200  adx=55.6  trend=↑  V✗     S✓
  [SOL]  close=95.6200  adx=23.7  trend=↑  V✗       
  [HYPE]  close=41.2390  adx=36.0  trend=↑  V✗       

═════════════════════════════════════════════════════════════════
  PAPER PORTFOLIO (Breakout)  |  2026-05-12 09:00 UTC
═════════════════════════════════════════════════════════════════
  BTC    cap=$ 10000.00  ret=  +0.00%  trades=  0  wr=  -   [flat]
  ETH    cap=$ 10000.00  ret=  +0.00%  trades=  0  wr=  -   [flat]
  SOL    cap=$ 10000.00  ret=  +0.00%  trades=  0  wr=  -   [flat]
  HYPE   cap=$ 10000.00  ret=  +0.00%  trades=  0  wr=  -   [flat]
─────────────────────────────────────────────────────────────────
  TOTAL            $ 40000.00  ret=  +0.00%
═════════════════════════════════════════════════════════════════

  ⏱  Next cycle in 59.9 min  (10:00:15 UTC)

─────────────────────────────────────────────────────────────────
  CYCLE  2026-05-12 10:00 UTC
─────────────────────────────────────────────────────────────────
  [BTC]  close=80798.3000  adx=49.1  trend=↑  V✓       
  [ETH]  close=2291.6800  adx=59.6  trend=↑  V✗       
  [SOL]  close=95.7500  adx=24.2  trend=↑  V✗       
  [HYPE]  close=41.1490  adx=36.7  trend=↑  V✗       

═════════════════════════════════════════════════════════════════
  PAPER PORTFOLIO (Breakout)  |  2026-05-12 10:00 UTC
═════════════════════════════════════════════════════════════════
  BTC    cap=$ 10000.00  ret=  +0.00%  trades=  0  wr=  -   [flat]
  ETH    cap=$ 10000.00  ret=  +0.00%  trades=  0  wr=  -   [flat]
  SOL    cap=$ 10000.00  ret=  +0.00%  trades=  0  wr=  -   [flat]
  HYPE   cap=$ 10000.00  ret=  +0.00%  trades=  0  wr=  -   [flat]
─────────────────────────────────────────────────────────────────
  TOTAL            $ 40000.00  ret=  +0.00%
═════════════════════════════════════════════════════════════════

  ⏱  Next cycle in 59.9 min  (11:00:15 UTC)

─────────────────────────────────────────────────────────────────
  CYCLE  2026-05-12 11:00 UTC
─────────────────────────────────────────────────────────────────
  [BTC]  close=80631.1000  adx=52.4  trend=↑  V✗     S✓
  [ETH]  close=2284.7500  adx=63.1  trend=↑  V✗       
  [SOL]  close=94.9400  adx=26.3  trend=↑  V✗     S✓
  [HYPE]  close=40.9190  adx=39.3  trend=↑  V✗       

═════════════════════════════════════════════════════════════════
  PAPER PORTFOLIO (Breakout)  |  2026-05-12 11:00 UTC
═════════════════════════════════════════════════════════════════
  BTC    cap=$ 10000.00  ret=  +0.00%  trades=  0  wr=  -   [flat]
  ETH    cap=$ 10000.00  ret=  +0.00%  trades=  0  wr=  -   [flat]
  SOL    cap=$ 10000.00  ret=  +0.00%  trades=  0  wr=  -   [flat]
  HYPE   cap=$ 10000.00  ret=  +0.00%  trades=  0  wr=  -   [flat]
─────────────────────────────────────────────────────────────────
  TOTAL            $ 40000.00  ret=  +0.00%
═════════════════════════════════════════════════════════════════

  ⏱  Next cycle in 59.9 min  (12:00:15 UTC)

─────────────────────────────────────────────────────────────────
  CYCLE  2026-05-12 12:00 UTC
─────────────────────────────────────────────────────────────────
  [BTC]  close=80732.8000  adx=55.7  trend=↑  V✓       
  [ETH]  close=2285.7000  adx=66.3  trend=↑  V✗       
  [SOL]  close=94.9300  adx=29.2  trend=↑  V✗       
  [HYPE]  close=41.0280  adx=42.7  trend=↑  V✓       

═════════════════════════════════════════════════════════════════
  PAPER PORTFOLIO (Breakout)  |  2026-05-12 12:00 UTC
═════════════════════════════════════════════════════════════════
  BTC    cap=$ 10000.00  ret=  +0.00%  trades=  0  wr=  -   [flat]
  ETH    cap=$ 10000.00  ret=  +0.00%  trades=  0  wr=  -   [flat]
  SOL    cap=$ 10000.00  ret=  +0.00%  trades=  0  wr=  -   [flat]
  HYPE   cap=$ 10000.00  ret=  +0.00%  trades=  0  wr=  -   [flat]
─────────────────────────────────────────────────────────────────
  TOTAL            $ 40000.00  ret=  +0.00%
═════════════════════════════════════════════════════════════════

  ⏱  Next cycle in 59.9 min  (13:00:15 UTC)

─────────────────────────────────────────────────────────────────
  CYCLE  2026-05-12 13:00 UTC
─────────────────────────────────────────────────────────────────
  [BTC]  close=80850.1000  adx=53.6  trend=↑  V✓       
  [ETH]  close=2288.0000  adx=64.7  trend=↑  V✗       
  [SOL]  close=95.1600  adx=27.8  trend=↑  V✗       
  [HYPE]  close=40.8560  adx=43.8  trend=↑  V✗       

═════════════════════════════════════════════════════════════════
  PAPER PORTFOLIO (Breakout)  |  2026-05-12 13:00 UTC
═════════════════════════════════════════════════════════════════
  BTC    cap=$ 10000.00  ret=  +0.00%  trades=  0  wr=  -   [flat]
  ETH    cap=$ 10000.00  ret=  +0.00%  trades=  0  wr=  -   [flat]
  SOL    cap=$ 10000.00  ret=  +0.00%  trades=  0  wr=  -   [flat]
  HYPE   cap=$ 10000.00  ret=  +0.00%  trades=  0  wr=  -   [flat]
─────────────────────────────────────────────────────────────────
  TOTAL            $ 40000.00  ret=  +0.00%
═════════════════════════════════════════════════════════════════

  ⏱  Next cycle in 59.9 min  (14:00:15 UTC)

─────────────────────────────────────────────────────────────────
  CYCLE  2026-05-12 14:00 UTC
─────────────────────────────────────────────────────────────────
  [BTC] network error: binance GET https://testnet.binancefuture.com/fapi/v1/klines?interval=1h&limit=301&symbol=BTCUSDT  — will retry next cycle
  [ETH]  close=2272.9100  adx=65.1  trend=↓  V✓     S✓
    ▶ ENTRY  SHORT  price=2272.9100  SL=2284.5754  TP=2214.5828  notional=$38968 (3.90x)  @2026-05-12 13:00
  [SOL]  close=94.6500  adx=26.6  trend=↑  V✗       
  [HYPE]  close=40.6720  adx=44.7  trend=↑  V✗       

═════════════════════════════════════════════════════════════════
  PAPER PORTFOLIO (Breakout)  |  2026-05-12 14:00 UTC
═════════════════════════════════════════════════════════════════
  BTC    cap=$ 10000.00  ret=  +0.00%  trades=  0  wr=  -   [flat]
  ETH    cap=$ 10000.00  ret=  +0.00%  trades=  0  wr=  -   [SHORT @ 2272.9100]
  SOL    cap=$ 10000.00  ret=  +0.00%  trades=  0  wr=  -   [flat]
  HYPE   cap=$ 10000.00  ret=  +0.00%  trades=  0  wr=  -   [flat]
─────────────────────────────────────────────────────────────────
  TOTAL            $ 40000.00  ret=  +0.00%
═════════════════════════════════════════════════════════════════

  ⏱  Next cycle in 59.8 min  (15:00:15 UTC)

─────────────────────────────────────────────────────────────────
  CYCLE  2026-05-12 15:00 UTC
─────────────────────────────────────────────────────────────────
  [BTC]  close=80502.3000  adx=52.4  trend=↑  V✓       
  [ETH]  close=2267.9700  adx=65.8  trend=↓  V✗     S✓
  [SOL]  close=94.5000  adx=26.5  trend=↑  V✓       
  [HYPE]  close=40.2860  adx=47.7  trend=↑  V✓     S✓

═════════════════════════════════════════════════════════════════
  PAPER PORTFOLIO (Breakout)  |  2026-05-12 15:00 UTC
═════════════════════════════════════════════════════════════════
  BTC    cap=$ 10000.00  ret=  +0.00%  trades=  0  wr=  -   [flat]
  ETH    cap=$ 10000.00  ret=  +0.00%  trades=  0  wr=  -   [SHORT @ 2272.9100]
  SOL    cap=$ 10000.00  ret=  +0.00%  trades=  0  wr=  -   [flat]
  HYPE   cap=$ 10000.00  ret=  +0.00%  trades=  0  wr=  -   [flat]
─────────────────────────────────────────────────────────────────
  TOTAL            $ 40000.00  ret=  +0.00%
═════════════════════════════════════════════════════════════════

  ⏱  Next cycle in 60.0 min  (16:00:15 UTC)

─────────────────────────────────────────────────────────────────
  CYCLE  2026-05-12 16:00 UTC
─────────────────────────────────────────────────────────────────
  [BTC]  close=80332.6000  adx=54.0  trend=↑  V✓     S✓
  [ETH]  close=2262.1400  adx=67.1  trend=↓  V✗     S✓
  [SOL]  close=93.8600  adx=29.4  trend=↑  V✓     S✓
  [HYPE]  close=40.2840  adx=50.8  trend=↑  V✓       

═════════════════════════════════════════════════════════════════
  PAPER PORTFOLIO (Breakout)  |  2026-05-12 16:00 UTC
═════════════════════════════════════════════════════════════════
  BTC    cap=$ 10000.00  ret=  +0.00%  trades=  0  wr=  -   [flat]
  ETH    cap=$ 10000.00  ret=  +0.00%  trades=  0  wr=  -   [SHORT @ 2272.9100]
  SOL    cap=$ 10000.00  ret=  +0.00%  trades=  0  wr=  -   [flat]
  HYPE   cap=$ 10000.00  ret=  +0.00%  trades=  0  wr=  -   [flat]
─────────────────────────────────────────────────────────────────
  TOTAL            $ 40000.00  ret=  +0.00%
═════════════════════════════════════════════════════════════════

  ⏱  Next cycle in 59.9 min  (17:00:15 UTC)

─────────────────────────────────────────────────────────────────
  CYCLE  2026-05-12 17:00 UTC
─────────────────────────────────────────────────────────────────
  [BTC]  close=80040.0000  adx=56.3  trend=↑  V✓     S✓
  [ETH]  close=2263.1200  adx=68.4  trend=↓  V✗       
  [SOL]  close=93.8100  adx=31.9  trend=↑  V✗       
  [HYPE]  close=39.8550  adx=54.3  trend=↓  V✓     S✓
    ▶ ENTRY  SHORT  price=39.8550  SL=40.2659  TP=37.8004  notional=$19398 (1.94x)  @2026-05-12 16:00

═════════════════════════════════════════════════════════════════
  PAPER PORTFOLIO (Breakout)  |  2026-05-12 17:00 UTC
═════════════════════════════════════════════════════════════════
  BTC    cap=$ 10000.00  ret=  +0.00%  trades=  0  wr=  -   [flat]
  ETH    cap=$ 10000.00  ret=  +0.00%  trades=  0  wr=  -   [SHORT @ 2272.9100]
  SOL    cap=$ 10000.00  ret=  +0.00%  trades=  0  wr=  -   [flat]
  HYPE   cap=$ 10000.00  ret=  +0.00%  trades=  0  wr=  -   [SHORT @ 39.8550]
─────────────────────────────────────────────────────────────────
  TOTAL            $ 40000.00  ret=  +0.00%
═════════════════════════════════════════════════════════════════

  ⏱  Next cycle in 60.0 min  (18:00:15 UTC)

─────────────────────────────────────────────────────────────────
  CYCLE  2026-05-12 18:00 UTC
─────────────────────────────────────────────────────────────────
  [BTC]  close=80492.9000  adx=55.3  trend=↑  V✓       
  [ETH]  close=2275.6900  adx=64.8  trend=↑  V✗       
  [SOL]  close=94.4800  adx=30.9  trend=↑  V✗       
  [HYPE]  close=40.1210  adx=57.3  trend=↓  V✗       

═════════════════════════════════════════════════════════════════
  PAPER PORTFOLIO (Breakout)  |  2026-05-12 18:00 UTC
═════════════════════════════════════════════════════════════════
  BTC    cap=$ 10000.00  ret=  +0.00%  trades=  0  wr=  -   [flat]
  ETH    cap=$ 10000.00  ret=  +0.00%  trades=  0  wr=  -   [SHORT @ 2272.9100]
  SOL    cap=$ 10000.00  ret=  +0.00%  trades=  0  wr=  -   [flat]
  HYPE   cap=$ 10000.00  ret=  +0.00%  trades=  0  wr=  -   [SHORT @ 39.8550]
─────────────────────────────────────────────────────────────────
  TOTAL            $ 40000.00  ret=  +0.00%
═════════════════════════════════════════════════════════════════

  ⏱  Next cycle in 60.0 min  (19:00:15 UTC)

─────────────────────────────────────────────────────────────────
  CYCLE  2026-05-12 19:00 UTC
─────────────────────────────────────────────────────────────────
  [BTC]  close=80647.4000  adx=51.9  trend=↑  V✓       
  [ETH]  close=2278.2700  adx=58.9  trend=↑  V✗       
  [SOL]  close=94.5200  adx=29.5  trend=↑  V✗       
  [HYPE]  close=40.2160  adx=57.3  trend=↓  V✗       
    ✗ EXIT    SHORT [SL]  exit=40.2659  pnl=$-219.40  cap=$9781  @2026-05-12 18:00

═════════════════════════════════════════════════════════════════
  PAPER PORTFOLIO (Breakout)  |  2026-05-12 19:00 UTC
═════════════════════════════════════════════════════════════════
  BTC    cap=$ 10000.00  ret=  +0.00%  trades=  0  wr=  -   [flat]
  ETH    cap=$ 10000.00  ret=  +0.00%  trades=  0  wr=  -   [SHORT @ 2272.9100]
  SOL    cap=$ 10000.00  ret=  +0.00%  trades=  0  wr=  -   [flat]
  HYPE   cap=$  9780.60  ret=  -2.19%  trades=  1  wr=  0%  [flat]
─────────────────────────────────────────────────────────────────
  TOTAL            $ 39780.60  ret=  -0.55%
═════════════════════════════════════════════════════════════════

  ⏱  Next cycle in 60.0 min  (20:00:15 UTC)

─────────────────────────────────────────────────────────────────
  CYCLE  2026-05-12 20:00 UTC
─────────────────────────────────────────────────────────────────
  [BTC]  close=80795.2000  adx=47.1  trend=↑  V✗       
  [ETH]  close=2283.6600  adx=52.5  trend=↑  V✗       
    ✗ EXIT    SHORT [SL]  exit=2284.5754  pnl=$-238.97  cap=$9761  @2026-05-12 19:00
  [SOL]  close=94.8700  adx=26.6  trend=↑  V✗       
  [HYPE]  close=40.4170  adx=55.6  trend=↑  V✗       

═════════════════════════════════════════════════════════════════
  PAPER PORTFOLIO (Breakout)  |  2026-05-12 20:00 UTC
═════════════════════════════════════════════════════════════════
  BTC    cap=$ 10000.00  ret=  +0.00%  trades=  0  wr=  -   [flat]
  ETH    cap=$  9761.03  ret=  -2.39%  trades=  1  wr=  0%  [flat]
  SOL    cap=$ 10000.00  ret=  +0.00%  trades=  0  wr=  -   [flat]
  HYPE   cap=$  9780.60  ret=  -2.19%  trades=  1  wr=  0%  [flat]
─────────────────────────────────────────────────────────────────
  TOTAL            $ 39541.63  ret=  -1.15%
═════════════════════════════════════════════════════════════════

  ⏱  Next cycle in 60.0 min  (21:00:15 UTC)

─────────────────────────────────────────────────────────────────
  CYCLE  2026-05-12 21:00 UTC
─────────────────────────────────────────────────────────────────
  [BTC]  close=80667.0000  adx=43.0  trend=↑  V✗       
  [ETH]  close=2283.8700  adx=46.7  trend=↑  V✗       
  [SOL]  close=94.7000  adx=24.0  trend=↑  V✗       
  [HYPE]  close=40.2950  adx=54.2  trend=↑  V✗       

═════════════════════════════════════════════════════════════════
  PAPER PORTFOLIO (Breakout)  |  2026-05-12 21:00 UTC
═════════════════════════════════════════════════════════════════
  BTC    cap=$ 10000.00  ret=  +0.00%  trades=  0  wr=  -   [flat]
  ETH    cap=$  9761.03  ret=  -2.39%  trades=  1  wr=  0%  [flat]
  SOL    cap=$ 10000.00  ret=  +0.00%  trades=  0  wr=  -   [flat]
  HYPE   cap=$  9780.60  ret=  -2.19%  trades=  1  wr=  0%  [flat]
─────────────────────────────────────────────────────────────────
  TOTAL            $ 39541.63  ret=  -1.15%
═════════════════════════════════════════════════════════════════

  ⏱  Next cycle in 59.8 min  (22:00:15 UTC)

─────────────────────────────────────────────────────────────────
  CYCLE  2026-05-12 22:00 UTC
─────────────────────────────────────────────────────────────────
  [BTC]  close=80549.9000  adx=41.5  trend=↑  V✗       
  [ETH]  close=2284.2800  adx=41.7  trend=↑  V✗       
  [SOL]  close=94.6200  adx=22.4  trend=↑  V✗       
  [HYPE]  close=40.3520  adx=53.0  trend=↑  V✗       

═════════════════════════════════════════════════════════════════
  PAPER PORTFOLIO (Breakout)  |  2026-05-12 22:00 UTC
═════════════════════════════════════════════════════════════════
  BTC    cap=$ 10000.00  ret=  +0.00%  trades=  0  wr=  -   [flat]
  ETH    cap=$  9761.03  ret=  -2.39%  trades=  1  wr=  0%  [flat]
  SOL    cap=$ 10000.00  ret=  +0.00%  trades=  0  wr=  -   [flat]
  HYPE   cap=$  9780.60  ret=  -2.19%  trades=  1  wr=  0%  [flat]
─────────────────────────────────────────────────────────────────
  TOTAL            $ 39541.63  ret=  -1.15%
═════════════════════════════════════════════════════════════════

  ⏱  Next cycle in 60.0 min  (23:00:15 UTC)

─────────────────────────────────────────────────────────────────
  CYCLE  2026-05-12 23:00 UTC
─────────────────────────────────────────────────────────────────
  [BTC]  close=80682.2000  adx=40.1  trend=↑  V✗       
  [ETH]  close=2281.1700  adx=36.8  trend=↑  V✗       
  [SOL]  close=94.6300  adx=19.6  trend=↑  V✗       
  [HYPE]  close=40.4240  adx=47.4  trend=↑  V✗       

═════════════════════════════════════════════════════════════════
  PAPER PORTFOLIO (Breakout)  |  2026-05-12 23:00 UTC
═════════════════════════════════════════════════════════════════
  BTC    cap=$ 10000.00  ret=  +0.00%  trades=  0  wr=  -   [flat]
  ETH    cap=$  9761.03  ret=  -2.39%  trades=  1  wr=  0%  [flat]
  SOL    cap=$ 10000.00  ret=  +0.00%  trades=  0  wr=  -   [flat]
  HYPE   cap=$  9780.60  ret=  -2.19%  trades=  1  wr=  0%  [flat]
─────────────────────────────────────────────────────────────────
  TOTAL            $ 39541.63  ret=  -1.15%
═════════════════════════════════════════════════════════════════

  ⏱  Next cycle in 59.9 min  (00:00:15 UTC)

─────────────────────────────────────────────────────────────────
  CYCLE  2026-05-13 00:00 UTC
─────────────────────────────────────────────────────────────────
  [BTC]  close=80461.0000  adx=40.3  trend=↑  V✗       
  [ETH]  close=2274.0000  adx=34.5  trend=↑  V✗       
  [SOL]  close=94.2500  adx=20.0  trend=↑  V✗       
  [HYPE]  close=40.2430  adx=44.4  trend=↓  V✗       

═════════════════════════════════════════════════════════════════
  PAPER PORTFOLIO (Breakout)  |  2026-05-13 00:00 UTC
═════════════════════════════════════════════════════════════════
  BTC    cap=$ 10000.00  ret=  +0.00%  trades=  0  wr=  -   [flat]
  ETH    cap=$  9761.03  ret=  -2.39%  trades=  1  wr=  0%  [flat]
  SOL    cap=$ 10000.00  ret=  +0.00%  trades=  0  wr=  -   [flat]
  HYPE   cap=$  9780.60  ret=  -2.19%  trades=  1  wr=  0%  [flat]
─────────────────────────────────────────────────────────────────
  TOTAL            $ 39541.63  ret=  -1.15%
═════════════════════════════════════════════════════════════════

  ⏱  Next cycle in 60.0 min  (01:00:15 UTC)

─────────────────────────────────────────────────────────────────
  CYCLE  2026-05-13 01:00 UTC
─────────────────────────────────────────────────────────────────
  [BTC]  close=80671.9000  adx=40.2  trend=↑  V✓       
  [ETH]  close=2280.5200  adx=31.2  trend=↑  V✗       
  [SOL]  close=94.4500  adx=21.7  trend=↑  V✗       
  [HYPE]  close=40.3070  adx=42.5  trend=↑  V✗       

═════════════════════════════════════════════════════════════════
  PAPER PORTFOLIO (Breakout)  |  2026-05-13 01:00 UTC
═════════════════════════════════════════════════════════════════
  BTC    cap=$ 10000.00  ret=  +0.00%  trades=  0  wr=  -   [flat]
  ETH    cap=$  9761.03  ret=  -2.39%  trades=  1  wr=  0%  [flat]
  SOL    cap=$ 10000.00  ret=  +0.00%  trades=  0  wr=  -   [flat]
  HYPE   cap=$  9780.60  ret=  -2.19%  trades=  1  wr=  0%  [flat]
─────────────────────────────────────────────────────────────────
  TOTAL            $ 39541.63  ret=  -1.15%
═════════════════════════════════════════════════════════════════

  ⏱  Next cycle in 60.0 min  (02:00:15 UTC)

─────────────────────────────────────────────────────────────────
  CYCLE  2026-05-13 02:00 UTC
─────────────────────────────────────────────────────────────────
  [BTC]  close=80945.0000  adx=36.4  trend=↑  V✓  L✓   
    ▶ ENTRY  LONG   price=80945.0000  SL=80656.6915  TP=82386.5426  notional=$56152 (5.62x)  @2026-05-13 01:00
  [ETH]  close=2288.3000  adx=29.0  trend=↑  V✗       
  [SOL]  close=95.1200  adx=20.6  trend=↑  V✗  L✓   
  [HYPE]  close=40.4420  adx=37.5  trend=↑  V✓       

═════════════════════════════════════════════════════════════════
  PAPER PORTFOLIO (Breakout)  |  2026-05-13 02:00 UTC
═════════════════════════════════════════════════════════════════
  BTC    cap=$ 10000.00  ret=  +0.00%  trades=  0  wr=  -   [LONG @ 80945.0000]
  ETH    cap=$  9761.03  ret=  -2.39%  trades=  1  wr=  0%  [flat]
  SOL    cap=$ 10000.00  ret=  +0.00%  trades=  0  wr=  -   [flat]
  HYPE   cap=$  9780.60  ret=  -2.19%  trades=  1  wr=  0%  [flat]
─────────────────────────────────────────────────────────────────
  TOTAL            $ 39541.63  ret=  -1.15%
═════════════════════════════════════════════════════════════════

  ⏱  Next cycle in 60.0 min  (03:00:15 UTC)

─────────────────────────────────────────────────────────────────
  CYCLE  2026-05-13 03:00 UTC
─────────────────────────────────────────────────────────────────
  [BTC]  close=80999.0000  adx=33.1  trend=↑  V✗       
  [ETH]  close=2292.5400  adx=28.2  trend=↑  V✗       
  [SOL]  close=95.1800  adx=19.9  trend=↑  V✗       
  [HYPE]  close=40.4530  adx=33.1  trend=↑  V✗       

═════════════════════════════════════════════════════════════════
  PAPER PORTFOLIO (Breakout)  |  2026-05-13 03:00 UTC
═════════════════════════════════════════════════════════════════
  BTC    cap=$ 10000.00  ret=  +0.00%  trades=  0  wr=  -   [LONG @ 80945.0000]
  ETH    cap=$  9761.03  ret=  -2.39%  trades=  1  wr=  0%  [flat]
  SOL    cap=$ 10000.00  ret=  +0.00%  trades=  0  wr=  -   [flat]
  HYPE   cap=$  9780.60  ret=  -2.19%  trades=  1  wr=  0%  [flat]
─────────────────────────────────────────────────────────────────
  TOTAL            $ 39541.63  ret=  -1.15%
═════════════════════════════════════════════════════════════════

  ⏱  Next cycle in 59.9 min  (04:00:15 UTC)

─────────────────────────────────────────────────────────────────
  CYCLE  2026-05-13 04:00 UTC
─────────────────────────────────────────────────────────────────
  [BTC]  close=81172.9000  adx=31.7  trend=↑  V✓  L✓   
  [ETH]  close=2299.8900  adx=29.2  trend=↑  V✗  L✓   
  [SOL]  close=95.4900  adx=19.7  trend=↑  V✗  L✓   
  [HYPE]  close=40.4290  adx=29.7  trend=↑  V✗       

═════════════════════════════════════════════════════════════════
  PAPER PORTFOLIO (Breakout)  |  2026-05-13 04:00 UTC
═════════════════════════════════════════════════════════════════
  BTC    cap=$ 10000.00  ret=  +0.00%  trades=  0  wr=  -   [LONG @ 80945.0000]
  ETH    cap=$  9761.03  ret=  -2.39%  trades=  1  wr=  0%  [flat]
  SOL    cap=$ 10000.00  ret=  +0.00%  trades=  0  wr=  -   [flat]
  HYPE   cap=$  9780.60  ret=  -2.19%  trades=  1  wr=  0%  [flat]
─────────────────────────────────────────────────────────────────
  TOTAL            $ 39541.63  ret=  -1.15%
═════════════════════════════════════════════════════════════════

  ⏱  Next cycle in 60.0 min  (05:00:15 UTC)

─────────────────────────────────────────────────────────────────
  CYCLE  2026-05-13 05:00 UTC
─────────────────────────────────────────────────────────────────
  [BTC]  close=81191.9000  adx=30.7  trend=↑  V✗       
  [ETH]  close=2305.5500  adx=31.2  trend=↑  V✗  L✓   
  [SOL]  close=95.5300  adx=27.1  trend=↑  V✗  L✓   
  [HYPE]  close=40.2690  adx=29.0  trend=↑  V✓       

═════════════════════════════════════════════════════════════════
  PAPER PORTFOLIO (Breakout)  |  2026-05-13 05:00 UTC
═════════════════════════════════════════════════════════════════
  BTC    cap=$ 10000.00  ret=  +0.00%  trades=  0  wr=  -   [LONG @ 80945.0000]
  ETH    cap=$  9761.03  ret=  -2.39%  trades=  1  wr=  0%  [flat]
  SOL    cap=$ 10000.00  ret=  +0.00%  trades=  0  wr=  -   [flat]
  HYPE   cap=$  9780.60  ret=  -2.19%  trades=  1  wr=  0%  [flat]
─────────────────────────────────────────────────────────────────
  TOTAL            $ 39541.63  ret=  -1.15%
═════════════════════════════════════════════════════════════════

  ⏱  Next cycle in 59.9 min  (06:00:15 UTC)

─────────────────────────────────────────────────────────────────
  CYCLE  2026-05-13 06:00 UTC
─────────────────────────────────────────────────────────────────
  [BTC]  close=81000.1000  adx=27.3  trend=↑  V✗       
  [ETH]  close=2296.5200  adx=30.9  trend=↑  V✗       
  [SOL]  close=95.2000  adx=31.7  trend=↑  V✗       
  [HYPE]  close=39.9130  adx=32.2  trend=↓  V✗       

═════════════════════════════════════════════════════════════════
  PAPER PORTFOLIO (Breakout)  |  2026-05-13 06:00 UTC
═════════════════════════════════════════════════════════════════
  BTC    cap=$ 10000.00  ret=  +0.00%  trades=  0  wr=  -   [LONG @ 80945.0000]
  ETH    cap=$  9761.03  ret=  -2.39%  trades=  1  wr=  0%  [flat]
  SOL    cap=$ 10000.00  ret=  +0.00%  trades=  0  wr=  -   [flat]
  HYPE   cap=$  9780.60  ret=  -2.19%  trades=  1  wr=  0%  [flat]
─────────────────────────────────────────────────────────────────
  TOTAL            $ 39541.63  ret=  -1.15%
═════════════════════════════════════════════════════════════════

  ⏱  Next cycle in 59.9 min  (07:00:15 UTC)

─────────────────────────────────────────────────────────────────
  CYCLE  2026-05-13 07:00 UTC
─────────────────────────────────────────────────────────────────
  [BTC]  close=80960.5000  adx=23.7  trend=↑  V✗       
  [ETH]  close=2300.6900  adx=30.7  trend=↑  V✗       
  [SOL]  close=95.0800  adx=35.8  trend=↑  V✗       
  [HYPE]  close=40.1920  adx=35.0  trend=↓  V✓       

═════════════════════════════════════════════════════════════════
  PAPER PORTFOLIO (Breakout)  |  2026-05-13 07:00 UTC
═════════════════════════════════════════════════════════════════
  BTC    cap=$ 10000.00  ret=  +0.00%  trades=  0  wr=  -   [LONG @ 80945.0000]
  ETH    cap=$  9761.03  ret=  -2.39%  trades=  1  wr=  0%  [flat]
  SOL    cap=$ 10000.00  ret=  +0.00%  trades=  0  wr=  -   [flat]
  HYPE   cap=$  9780.60  ret=  -2.19%  trades=  1  wr=  0%  [flat]
─────────────────────────────────────────────────────────────────
  TOTAL            $ 39541.63  ret=  -1.15%
═════════════════════════════════════════════════════════════════

  ⏱  Next cycle in 59.9 min  (08:00:15 UTC)
